2025-07-17 21:11:35,835 - WARNING - PyNaCl is not installed, voice will NOT be supported
2025-07-17 21:11:35,836 - INFO - logging in using static token
2025-07-17 21:11:36,567 - INFO - Shard ID None has connected to Gateway (Session ID: b8896554ce4458eef614f8a87676a078).
2025-07-17 21:11:38,756 - INFO - Logged in as BuffsBeta#3686!
2025-07-17 21:16:19,328 - INFO - New buff request by revitxman (JimmyFix Admin): Research in Imperial City at 2025-07-17T02:00:00
2025-07-17 22:14:11,058 - INFO - New buff request by revitxman (JimmyFix Admin): PvP in Imperial City at 2025-07-18T03:00:00
2025-07-17 22:16:38,573 - WARNING - PyNaCl is not installed, voice will NOT be supported
2025-07-17 22:16:38,574 - INFO - logging in using static token
2025-07-17 22:16:39,233 - INFO - Shard ID None has connected to Gateway (Session ID: 1bcbecfa15c0e687ba44d54e3b25ca5d).
2025-07-17 22:16:41,516 - INFO - Logged in as BuffsBeta#3686!
2025-07-17 22:16:41,799 - INFO - Posted scheduled buff list.
2025-07-17 22:35:11,886 - INFO - New buff request by revitxman (RazeZ): Building in Imperial City at 2025-07-18T04:00:00
2025-07-17 23:22:39,334 - INFO - Shard ID None has successfully RESUMED session 1bcbecfa15c0e687ba44d54e3b25ca5d.
2025-07-17 23:31:35,710 - INFO - Shard ID None has successfully RESUMED session 1bcbecfa15c0e687ba44d54e3b25ca5d.
2025-07-18 01:16:42,263 - INFO - Posted scheduled buff list.
2025-07-18 01:42:13,465 - INFO - Shard ID None has successfully RESUMED session 1bcbecfa15c0e687ba44d54e3b25ca5d.
2025-07-18 03:54:02,701 - INFO - Shard ID None has successfully RESUMED session 1bcbecfa15c0e687ba44d54e3b25ca5d.
2025-07-18 04:16:42,553 - INFO - Posted scheduled buff list.
2025-07-18 04:30:41,527 - INFO - Shard ID None has successfully RESUMED session 1bcbecfa15c0e687ba44d54e3b25ca5d.
2025-07-18 07:16:42,884 - INFO - Posted scheduled buff list.
2025-07-18 08:02:23,364 - INFO - Shard ID None has successfully RESUMED session 1bcbecfa15c0e687ba44d54e3b25ca5d.
2025-07-18 09:00:49,771 - INFO - Shard ID None has successfully RESUMED session 1bcbecfa15c0e687ba44d54e3b25ca5d.
